<?xml version="1.0" encoding="UTF-8"?>
<!-- Generated by org.testng.reporters.JUnitReportReporter -->
<testsuite hostname="ZIL1260" failures="0" tests="1" name="testng.demo2" time="0.005" errors="0" timestamp="2024-01-21T02:44:13 IST" skipped="0">
  <testcase classname="testng.demo2" name="test1" time="0.005"/>
  <system-out/>
</testsuite> <!-- testng.demo2 -->
